[0518/144516.214:ERROR:scoped_process_suspend.cc(31)] NtSuspendProcess: An attempt was made to access an exiting process. (0xc000010a)
[0518/144516.283:ERROR:process_info.cc(118)] ReadProcessMemory bool __cdecl crashpad::(anonymous namespace)::ReadStruct(HANDLE, crashpad::WinVMAddress, T *) [T = crashpad::process_types::PEB<crashpad::process_types::internal::Traits64>]: Only part of a ReadProcessMemory or WriteProcessMemory request was completed. (0x12B)
[0518/144516.284:ERROR:process_info.cc(551)] ReadProcessData failed
[0519/092230.264:ERROR:process_memory_win.cc(73)] ReadMemory at 0x7ffde16cbd28 of 12 bytes failed: Only part of a ReadProcessMemory or WriteProcessMemory request was completed. (0x12B)
[0519/092230.393:WARNING:process_snapshot_win.cc(71)] ReadMemory ExceptionInformation failed
[0519/092230.410:ERROR:scoped_process_suspend.cc(40)] NtResumeProcess: An attempt was made to access an exiting process. (0xc000010a)
[0519/104848.088:ERROR:process_memory_win.cc(73)] ReadMemory at 0x90747f0000 of 65536 bytes failed: Only part of a ReadProcessMemory or WriteProcessMemory request was completed. (0x12B)
[0519/104848.138:ERROR:process_memory_win.cc(73)] ReadMemory at 0x9074ffd000 of 12288 bytes failed: Only part of a ReadProcessMemory or WriteProcessMemory request was completed. (0x12B)
[0519/104848.139:ERROR:process_memory_win.cc(73)] ReadMemory at 0x90757fc000 of 16384 bytes failed: Only part of a ReadProcessMemory or WriteProcessMemory request was completed. (0x12B)
[0519/104848.141:ERROR:process_memory_win.cc(73)] ReadMemory at 0x9075ffe000 of 8192 bytes failed: Only part of a ReadProcessMemory or WriteProcessMemory request was completed. (0x12B)
[0519/104848.142:ERROR:process_memory_win.cc(73)] ReadMemory at 0x90767fc000 of 16384 bytes failed: Only part of a ReadProcessMemory or WriteProcessMemory request was completed. (0x12B)
[0519/104848.144:ERROR:process_memory_win.cc(73)] ReadMemory at 0x9076ffe000 of 8192 bytes failed: Only part of a ReadProcessMemory or WriteProcessMemory request was completed. (0x12B)
[0519/104848.145:ERROR:process_memory_win.cc(73)] ReadMemory at 0x90777fd000 of 12288 bytes failed: Only part of a ReadProcessMemory or WriteProcessMemory request was completed. (0x12B)
[0519/104848.146:ERROR:process_memory_win.cc(73)] ReadMemory at 0x9077ffb000 of 20480 bytes failed: Only part of a ReadProcessMemory or WriteProcessMemory request was completed. (0x12B)
[0519/104848.147:ERROR:process_memory_win.cc(73)] ReadMemory at 0x90787fd000 of 12288 bytes failed: Only part of a ReadProcessMemory or WriteProcessMemory request was completed. (0x12B)
[0519/104848.148:ERROR:process_memory_win.cc(73)] ReadMemory at 0x9078ffd000 of 12288 bytes failed: Only part of a ReadProcessMemory or WriteProcessMemory request was completed. (0x12B)
[0519/104848.150:ERROR:process_memory_win.cc(73)] ReadMemory at 0x90797fd000 of 12288 bytes failed: Only part of a ReadProcessMemory or WriteProcessMemory request was completed. (0x12B)
[0519/104848.151:ERROR:process_memory_win.cc(73)] ReadMemory at 0x9079ffe000 of 8192 bytes failed: Only part of a ReadProcessMemory or WriteProcessMemory request was completed. (0x12B)
[0519/104848.153:ERROR:process_memory_win.cc(73)] ReadMemory at 0x907a7fc000 of 16384 bytes failed: Only part of a ReadProcessMemory or WriteProcessMemory request was completed. (0x12B)
[0519/104848.154:ERROR:process_memory_win.cc(73)] ReadMemory at 0x907affd000 of 12288 bytes failed: Only part of a ReadProcessMemory or WriteProcessMemory request was completed. (0x12B)
[0519/104848.155:ERROR:process_memory_win.cc(73)] ReadMemory at 0x9073f71000 of 852 bytes failed: Only part of a ReadProcessMemory or WriteProcessMemory request was completed. (0x12B)
[0519/104848.157:ERROR:process_memory_win.cc(73)] ReadMemory at 0x9073f72000 of 6024 bytes failed: Only part of a ReadProcessMemory or WriteProcessMemory request was completed. (0x12B)
[0519/104848.158:ERROR:process_memory_win.cc(73)] ReadMemory at 0x9073f74000 of 6024 bytes failed: Only part of a ReadProcessMemory or WriteProcessMemory request was completed. (0x12B)
[0519/104848.159:ERROR:process_memory_win.cc(73)] ReadMemory at 0x9073f76000 of 6024 bytes failed: Only part of a ReadProcessMemory or WriteProcessMemory request was completed. (0x12B)
[0519/104848.161:ERROR:process_memory_win.cc(73)] ReadMemory at 0x9073f78000 of 6024 bytes failed: Only part of a ReadProcessMemory or WriteProcessMemory request was completed. (0x12B)
[0519/104848.162:ERROR:process_memory_win.cc(73)] ReadMemory at 0x9073f7a000 of 6024 bytes failed: Only part of a ReadProcessMemory or WriteProcessMemory request was completed. (0x12B)
[0519/104848.172:ERROR:process_memory_win.cc(73)] ReadMemory at 0x9073f7c000 of 6024 bytes failed: Only part of a ReadProcessMemory or WriteProcessMemory request was completed. (0x12B)
[0519/104848.174:ERROR:process_memory_win.cc(73)] ReadMemory at 0x9073f7e000 of 6024 bytes failed: Only part of a ReadProcessMemory or WriteProcessMemory request was completed. (0x12B)
[0519/104848.176:ERROR:process_memory_win.cc(73)] ReadMemory at 0x9073f80000 of 6024 bytes failed: Only part of a ReadProcessMemory or WriteProcessMemory request was completed. (0x12B)
[0519/104848.178:ERROR:process_memory_win.cc(73)] ReadMemory at 0x9073f82000 of 6024 bytes failed: Only part of a ReadProcessMemory or WriteProcessMemory request was completed. (0x12B)
[0519/104848.179:ERROR:process_memory_win.cc(73)] ReadMemory at 0x9073f84000 of 6024 bytes failed: Only part of a ReadProcessMemory or WriteProcessMemory request was completed. (0x12B)
[0519/104848.180:ERROR:process_memory_win.cc(73)] ReadMemory at 0x9073f86000 of 6024 bytes failed: Only part of a ReadProcessMemory or WriteProcessMemory request was completed. (0x12B)
[0519/104848.185:ERROR:process_memory_win.cc(73)] ReadMemory at 0x9073f88000 of 6024 bytes failed: Only part of a ReadProcessMemory or WriteProcessMemory request was completed. (0x12B)
[0519/104848.187:ERROR:process_memory_win.cc(73)] ReadMemory at 0x9073f8a000 of 6024 bytes failed: Only part of a ReadProcessMemory or WriteProcessMemory request was completed. (0x12B)
[0519/104848.189:ERROR:process_memory_win.cc(73)] ReadMemory at 0x9073f8c000 of 6024 bytes failed: Only part of a ReadProcessMemory or WriteProcessMemory request was completed. (0x12B)
[0519/104848.191:ERROR:process_memory_win.cc(73)] ReadMemory at 0x1e796c191f4 of 512 bytes failed: Only part of a ReadProcessMemory or WriteProcessMemory request was completed. (0x12B)
[0519/104848.192:ERROR:process_memory_win.cc(73)] ReadMemory at 0x1e796cc0750 of 80 bytes failed: Only part of a ReadProcessMemory or WriteProcessMemory request was completed. (0x12B)
[0519/104848.192:ERROR:process_memory_win.cc(73)] ReadMemory at 0x1e796cc0fe0 of 5024 bytes failed: Only part of a ReadProcessMemory or WriteProcessMemory request was completed. (0x12B)
[0519/104848.193:ERROR:process_memory_win.cc(73)] ReadMemory at 0x1e796cc2390 of 1012 bytes failed: Only part of a ReadProcessMemory or WriteProcessMemory request was completed. (0x12B)
[0519/104848.195:ERROR:process_memory_win.cc(73)] ReadMemory at 0x1e796cc29d8 of 118 bytes failed: Only part of a ReadProcessMemory or WriteProcessMemory request was completed. (0x12B)
[0519/104848.196:ERROR:process_memory_win.cc(73)] ReadMemory at 0x1e796cc2a50 of 1218 bytes failed: Only part of a ReadProcessMemory or WriteProcessMemory request was completed. (0x12B)
[0519/104848.197:ERROR:process_memory_win.cc(73)] ReadMemory at 0x1e796cc2f14 of 118 bytes failed: Only part of a ReadProcessMemory or WriteProcessMemory request was completed. (0x12B)
[0519/104848.200:ERROR:process_memory_win.cc(73)] ReadMemory at 0x1e796cc2f8c of 96 bytes failed: Only part of a ReadProcessMemory or WriteProcessMemory request was completed. (0x12B)
[0519/104848.201:ERROR:process_memory_win.cc(73)] ReadMemory at 0x1e796cc3000 of 58 bytes failed: Only part of a ReadProcessMemory or WriteProcessMemory request was completed. (0x12B)
[0519/104848.204:ERROR:process_memory_win.cc(73)] ReadMemory at 0x1e796cc3100 of 132 bytes failed: Only part of a ReadProcessMemory or WriteProcessMemory request was completed. (0x12B)
[0519/104848.206:ERROR:process_memory_win.cc(73)] ReadMemory at 0x1e796cc3290 of 132 bytes failed: Only part of a ReadProcessMemory or WriteProcessMemory request was completed. (0x12B)
[0519/104848.207:ERROR:process_memory_win.cc(73)] ReadMemory at 0x1e796cc3450 of 126 bytes failed: Only part of a ReadProcessMemory or WriteProcessMemory request was completed. (0x12B)
[0519/104848.209:ERROR:process_memory_win.cc(73)] ReadMemory at 0x1e796cc3830 of 132 bytes failed: Only part of a ReadProcessMemory or WriteProcessMemory request was completed. (0x12B)
[0519/104848.210:ERROR:process_memory_win.cc(73)] ReadMemory at 0x1e796cc39c0 of 64 bytes failed: Only part of a ReadProcessMemory or WriteProcessMemory request was completed. (0x12B)
[0519/104848.211:ERROR:process_memory_win.cc(73)] ReadMemory at 0x1e796cc3b80 of 132 bytes failed: Only part of a ReadProcessMemory or WriteProcessMemory request was completed. (0x12B)
[0519/104848.212:ERROR:process_memory_win.cc(73)] ReadMemory at 0x1e796cc3e20 of 132 bytes failed: Only part of a ReadProcessMemory or WriteProcessMemory request was completed. (0x12B)
[0519/104848.214:ERROR:process_memory_win.cc(73)] ReadMemory at 0x1e796cc3fb0 of 68 bytes failed: Only part of a ReadProcessMemory or WriteProcessMemory request was completed. (0x12B)
[0519/104848.218:ERROR:process_memory_win.cc(73)] ReadMemory at 0x1e796cc5160 of 132 bytes failed: Only part of a ReadProcessMemory or WriteProcessMemory request was completed. (0x12B)
[0519/104848.219:ERROR:process_memory_win.cc(73)] ReadMemory at 0x1e796cc52f0 of 154 bytes failed: Only part of a ReadProcessMemory or WriteProcessMemory request was completed. (0x12B)
[0519/104848.220:ERROR:process_memory_win.cc(73)] ReadMemory at 0x1e796cc6030 of 62 bytes failed: Only part of a ReadProcessMemory or WriteProcessMemory request was completed. (0x12B)
[0519/104848.221:ERROR:process_memory_win.cc(73)] ReadMemory at 0x1e796cc6080 of 146 bytes failed: Only part of a ReadProcessMemory or WriteProcessMemory request was completed. (0x12B)
[0519/104848.223:ERROR:process_memory_win.cc(73)] ReadMemory at 0x1e796cc6160 of 132 bytes failed: Only part of a ReadProcessMemory or WriteProcessMemory request was completed. (0x12B)
[0519/104848.224:ERROR:process_memory_win.cc(73)] ReadMemory at 0x1e796cc62f0 of 60 bytes failed: Only part of a ReadProcessMemory or WriteProcessMemory request was completed. (0x12B)
[0519/104848.225:ERROR:process_memory_win.cc(73)] ReadMemory at 0x1e796cc8610 of 132 bytes failed: Only part of a ReadProcessMemory or WriteProcessMemory request was completed. (0x12B)
[0519/104848.226:ERROR:process_memory_win.cc(73)] ReadMemory at 0x1e796cc8740 of 132 bytes failed: Only part of a ReadProcessMemory or WriteProcessMemory request was completed. (0x12B)
[0519/104848.228:ERROR:process_memory_win.cc(73)] ReadMemory at 0x1e796cc8900 of 132 bytes failed: Only part of a ReadProcessMemory or WriteProcessMemory request was completed. (0x12B)
[0519/104848.229:ERROR:process_memory_win.cc(73)] ReadMemory at 0x1e796ccb940 of 60 bytes failed: Only part of a ReadProcessMemory or WriteProcessMemory request was completed. (0x12B)
[0519/104848.230:ERROR:process_memory_win.cc(73)] ReadMemory at 0x1e796ccb9e0 of 60 bytes failed: Only part of a ReadProcessMemory or WriteProcessMemory request was completed. (0x12B)
[0519/104848.234:ERROR:process_memory_win.cc(73)] ReadMemory at 0x1e796ccba30 of 64 bytes failed: Only part of a ReadProcessMemory or WriteProcessMemory request was completed. (0x12B)
[0519/104848.237:ERROR:process_memory_win.cc(73)] ReadMemory at 0x1e796ccba80 of 66 bytes failed: Only part of a ReadProcessMemory or WriteProcessMemory request was completed. (0x12B)
[0519/104848.238:ERROR:process_memory_win.cc(73)] ReadMemory at 0x1e796ccbad0 of 62 bytes failed: Only part of a ReadProcessMemory or WriteProcessMemory request was completed. (0x12B)
[0519/104848.240:ERROR:process_memory_win.cc(73)] ReadMemory at 0x1e796ccbb20 of 64 bytes failed: Only part of a ReadProcessMemory or WriteProcessMemory request was completed. (0x12B)
[0519/104848.240:ERROR:process_memory_win.cc(73)] ReadMemory at 0x1e796ccbb70 of 64 bytes failed: Only part of a ReadProcessMemory or WriteProcessMemory request was completed. (0x12B)
[0519/104848.241:ERROR:process_memory_win.cc(73)] ReadMemory at 0x1e796ccbda0 of 62 bytes failed: Only part of a ReadProcessMemory or WriteProcessMemory request was completed. (0x12B)
[0519/104848.242:ERROR:process_memory_win.cc(73)] ReadMemory at 0x1e796ccbe90 of 64 bytes failed: Only part of a ReadProcessMemory or WriteProcessMemory request was completed. (0x12B)
[0519/104848.243:ERROR:process_memory_win.cc(73)] ReadMemory at 0x1e796ccc020 of 132 bytes failed: Only part of a ReadProcessMemory or WriteProcessMemory request was completed. (0x12B)
[0519/104848.244:ERROR:process_memory_win.cc(73)] ReadMemory at 0x1e796ccc150 of 132 bytes failed: Only part of a ReadProcessMemory or WriteProcessMemory request was completed. (0x12B)
[0519/104848.246:ERROR:process_memory_win.cc(73)] ReadMemory at 0x1e796ccc3b0 of 132 bytes failed: Only part of a ReadProcessMemory or WriteProcessMemory request was completed. (0x12B)
[0519/104848.247:ERROR:process_memory_win.cc(73)] ReadMemory at 0x1e796ccc4e0 of 132 bytes failed: Only part of a ReadProcessMemory or WriteProcessMemory request was completed. (0x12B)
[0519/104848.249:ERROR:process_memory_win.cc(73)] ReadMemory at 0x1e796ccc610 of 132 bytes failed: Only part of a ReadProcessMemory or WriteProcessMemory request was completed. (0x12B)
[0519/104848.250:ERROR:process_memory_win.cc(73)] ReadMemory at 0x1e796ccc740 of 132 bytes failed: Only part of a ReadProcessMemory or WriteProcessMemory request was completed. (0x12B)
[0519/104848.251:ERROR:process_memory_win.cc(73)] ReadMemory at 0x1e796ccc870 of 132 bytes failed: Only part of a ReadProcessMemory or WriteProcessMemory request was completed. (0x12B)
[0519/104848.253:ERROR:process_memory_win.cc(73)] ReadMemory at 0x1e796ccc9a0 of 132 bytes failed: Only part of a ReadProcessMemory or WriteProcessMemory request was completed. (0x12B)
[0519/104848.254:ERROR:process_memory_win.cc(73)] ReadMemory at 0x1e796cccad0 of 132 bytes failed: Only part of a ReadProcessMemory or WriteProcessMemory request was completed. (0x12B)
[0519/104848.256:ERROR:process_memory_win.cc(73)] ReadMemory at 0x1e796cccc00 of 132 bytes failed: Only part of a ReadProcessMemory or WriteProcessMemory request was completed. (0x12B)
[0519/104848.257:ERROR:process_memory_win.cc(73)] ReadMemory at 0x1e796cccd30 of 132 bytes failed: Only part of a ReadProcessMemory or WriteProcessMemory request was completed. (0x12B)
[0519/104848.258:ERROR:process_memory_win.cc(73)] ReadMemory at 0x1e796ccce60 of 132 bytes failed: Only part of a ReadProcessMemory or WriteProcessMemory request was completed. (0x12B)
[0519/104848.260:ERROR:process_memory_win.cc(73)] ReadMemory at 0x1e796ccd210 of 76 bytes failed: Only part of a ReadProcessMemory or WriteProcessMemory request was completed. (0x12B)
[0519/104848.261:ERROR:process_memory_win.cc(73)] ReadMemory at 0x1e796ccd3f0 of 78 bytes failed: Only part of a ReadProcessMemory or WriteProcessMemory request was completed. (0x12B)
[0519/104848.263:ERROR:process_memory_win.cc(73)] ReadMemory at 0x1e796ccd930 of 80 bytes failed: Only part of a ReadProcessMemory or WriteProcessMemory request was completed. (0x12B)
[0519/104848.264:ERROR:process_memory_win.cc(73)] ReadMemory at 0x1e796ccecc0 of 132 bytes failed: Only part of a ReadProcessMemory or WriteProcessMemory request was completed. (0x12B)
[0519/104848.267:ERROR:process_memory_win.cc(73)] ReadMemory at 0x1e796cd02d0 of 54 bytes failed: Only part of a ReadProcessMemory or WriteProcessMemory request was completed. (0x12B)
[0519/104848.269:ERROR:process_memory_win.cc(73)] ReadMemory at 0x1e796cd2530 of 132 bytes failed: Only part of a ReadProcessMemory or WriteProcessMemory request was completed. (0x12B)
[0519/104848.272:ERROR:process_memory_win.cc(73)] ReadMemory at 0x1e796cd2760 of 132 bytes failed: Only part of a ReadProcessMemory or WriteProcessMemory request was completed. (0x12B)
[0519/104848.273:ERROR:process_memory_win.cc(73)] ReadMemory at 0x1e796cd45b0 of 132 bytes failed: Only part of a ReadProcessMemory or WriteProcessMemory request was completed. (0x12B)
[0519/104848.276:ERROR:process_memory_win.cc(73)] ReadMemory at 0x1e796cd47d0 of 132 bytes failed: Only part of a ReadProcessMemory or WriteProcessMemory request was completed. (0x12B)
[0519/104848.278:ERROR:process_memory_win.cc(73)] ReadMemory at 0x1e796cd4b30 of 132 bytes failed: Only part of a ReadProcessMemory or WriteProcessMemory request was completed. (0x12B)
[0519/104848.279:ERROR:process_memory_win.cc(73)] ReadMemory at 0x1e796cd5550 of 132 bytes failed: Only part of a ReadProcessMemory or WriteProcessMemory request was completed. (0x12B)
[0519/104848.280:ERROR:process_memory_win.cc(73)] ReadMemory at 0x1e796cd5fd0 of 62 bytes failed: Only part of a ReadProcessMemory or WriteProcessMemory request was completed. (0x12B)
[0519/104848.281:ERROR:process_memory_win.cc(73)] ReadMemory at 0x1e796cd6020 of 60 bytes failed: Only part of a ReadProcessMemory or WriteProcessMemory request was completed. (0x12B)
[0519/104848.282:ERROR:process_memory_win.cc(73)] ReadMemory at 0x1e796cd6070 of 60 bytes failed: Only part of a ReadProcessMemory or WriteProcessMemory request was completed. (0x12B)
[0519/104848.284:ERROR:process_memory_win.cc(73)] ReadMemory at 0x1e796cd60c0 of 64 bytes failed: Only part of a ReadProcessMemory or WriteProcessMemory request was completed. (0x12B)
[0519/104848.284:ERROR:process_memory_win.cc(73)] ReadMemory at 0x1e796cd6110 of 64 bytes failed: Only part of a ReadProcessMemory or WriteProcessMemory request was completed. (0x12B)
[0519/104848.285:ERROR:process_memory_win.cc(73)] ReadMemory at 0x1e796cd6160 of 62 bytes failed: Only part of a ReadProcessMemory or WriteProcessMemory request was completed. (0x12B)
[0519/104848.286:ERROR:process_memory_win.cc(73)] ReadMemory at 0x1e796cd62a0 of 62 bytes failed: Only part of a ReadProcessMemory or WriteProcessMemory request was completed. (0x12B)
[0519/104848.286:ERROR:process_memory_win.cc(73)] ReadMemory at 0x1e796cd62f0 of 62 bytes failed: Only part of a ReadProcessMemory or WriteProcessMemory request was completed. (0x12B)
[0519/104848.288:ERROR:process_memory_win.cc(73)] ReadMemory at 0x1e796cd63e0 of 58 bytes failed: Only part of a ReadProcessMemory or WriteProcessMemory request was completed. (0x12B)
[0519/104848.290:ERROR:process_memory_win.cc(73)] ReadMemory at 0x1e796cd6430 of 62 bytes failed: Only part of a ReadProcessMemory or WriteProcessMemory request was completed. (0x12B)
[0519/104848.291:ERROR:process_memory_win.cc(73)] ReadMemory at 0x1e796cd6480 of 64 bytes failed: Only part of a ReadProcessMemory or WriteProcessMemory request was completed. (0x12B)
[0519/104848.292:ERROR:process_memory_win.cc(73)] ReadMemory at 0x1e796cd64d0 of 62 bytes failed: Only part of a ReadProcessMemory or WriteProcessMemory request was completed. (0x12B)
[0519/104848.294:ERROR:process_memory_win.cc(73)] ReadMemory at 0x1e796cd6660 of 60 bytes failed: Only part of a ReadProcessMemory or WriteProcessMemory request was completed. (0x12B)
[0519/104848.301:ERROR:process_memory_win.cc(73)] ReadMemory at 0x1e796cd66b0 of 62 bytes failed: Only part of a ReadProcessMemory or WriteProcessMemory request was completed. (0x12B)
[0519/104848.325:ERROR:process_memory_win.cc(73)] ReadMemory at 0x1e796cd67f0 of 62 bytes failed: Only part of a ReadProcessMemory or WriteProcessMemory request was completed. (0x12B)
[0519/104848.326:ERROR:process_memory_win.cc(73)] ReadMemory at 0x1e796cd6a70 of 60 bytes failed: Only part of a ReadProcessMemory or WriteProcessMemory request was completed. (0x12B)
[0519/104848.327:ERROR:process_memory_win.cc(73)] ReadMemory at 0x1e796cd6b60 of 66 bytes failed: Only part of a ReadProcessMemory or WriteProcessMemory request was completed. (0x12B)
[0519/104848.329:ERROR:process_memory_win.cc(73)] ReadMemory at 0x1e796cd6c50 of 64 bytes failed: Only part of a ReadProcessMemory or WriteProcessMemory request was completed. (0x12B)
[0519/104848.329:ERROR:process_memory_win.cc(73)] ReadMemory at 0x1e796cd6ca0 of 64 bytes failed: Only part of a ReadProcessMemory or WriteProcessMemory request was completed. (0x12B)
[0519/104848.330:ERROR:process_memory_win.cc(73)] ReadMemory at 0x1e796cd6cf0 of 62 bytes failed: Only part of a ReadProcessMemory or WriteProcessMemory request was completed. (0x12B)
[0519/104848.332:ERROR:process_memory_win.cc(73)] ReadMemory at 0x1e796cd7370 of 132 bytes failed: Only part of a ReadProcessMemory or WriteProcessMemory request was completed. (0x12B)
[0519/104848.334:ERROR:process_memory_win.cc(73)] ReadMemory at 0x1e796cd74a0 of 132 bytes failed: Only part of a ReadProcessMemory or WriteProcessMemory request was completed. (0x12B)
[0519/104848.335:ERROR:process_memory_win.cc(73)] ReadMemory at 0x1e796cd75d0 of 132 bytes failed: Only part of a ReadProcessMemory or WriteProcessMemory request was completed. (0x12B)
[0519/104848.338:ERROR:process_memory_win.cc(73)] ReadMemory at 0x1e796cd7700 of 132 bytes failed: Only part of a ReadProcessMemory or WriteProcessMemory request was completed. (0x12B)
[0519/104848.339:ERROR:process_memory_win.cc(73)] ReadMemory at 0x1e796cd7830 of 132 bytes failed: Only part of a ReadProcessMemory or WriteProcessMemory request was completed. (0x12B)
[0519/104848.341:ERROR:process_memory_win.cc(73)] ReadMemory at 0x1e796cd7a90 of 132 bytes failed: Only part of a ReadProcessMemory or WriteProcessMemory request was completed. (0x12B)
[0519/104848.342:ERROR:process_memory_win.cc(73)] ReadMemory at 0x1e796cd7bc0 of 132 bytes failed: Only part of a ReadProcessMemory or WriteProcessMemory request was completed. (0x12B)
[0519/104848.344:ERROR:process_memory_win.cc(73)] ReadMemory at 0x1e796cd7cf0 of 132 bytes failed: Only part of a ReadProcessMemory or WriteProcessMemory request was completed. (0x12B)
[0519/104848.346:ERROR:process_memory_win.cc(73)] ReadMemory at 0x1e796cd7e20 of 132 bytes failed: Only part of a ReadProcessMemory or WriteProcessMemory request was completed. (0x12B)
[0519/104848.347:ERROR:process_memory_win.cc(73)] ReadMemory at 0x1e796cd81b0 of 132 bytes failed: Only part of a ReadProcessMemory or WriteProcessMemory request was completed. (0x12B)
[0519/104848.355:ERROR:process_memory_win.cc(73)] ReadMemory at 0x1e796cd82e0 of 132 bytes failed: Only part of a ReadProcessMemory or WriteProcessMemory request was completed. (0x12B)
[0519/104848.362:ERROR:process_memory_win.cc(73)] ReadMemory at 0x1e796cd8410 of 132 bytes failed: Only part of a ReadProcessMemory or WriteProcessMemory request was completed. (0x12B)
[0519/104848.363:ERROR:process_memory_win.cc(73)] ReadMemory at 0x1e796cd8540 of 132 bytes failed: Only part of a ReadProcessMemory or WriteProcessMemory request was completed. (0x12B)
[0519/104848.365:ERROR:process_memory_win.cc(73)] ReadMemory at 0x1e796cd8670 of 132 bytes failed: Only part of a ReadProcessMemory or WriteProcessMemory request was completed. (0x12B)
[0519/104848.368:ERROR:process_memory_win.cc(73)] ReadMemory at 0x1e796cd87a0 of 132 bytes failed: Only part of a ReadProcessMemory or WriteProcessMemory request was completed. (0x12B)
[0519/104848.369:ERROR:process_memory_win.cc(73)] ReadMemory at 0x1e796cd88d0 of 132 bytes failed: Only part of a ReadProcessMemory or WriteProcessMemory request was completed. (0x12B)
[0519/104848.371:ERROR:process_memory_win.cc(73)] ReadMemory at 0x1e796cd8b30 of 132 bytes failed: Only part of a ReadProcessMemory or WriteProcessMemory request was completed. (0x12B)
[0519/104848.372:ERROR:process_memory_win.cc(73)] ReadMemory at 0x1e796cd8c60 of 132 bytes failed: Only part of a ReadProcessMemory or WriteProcessMemory request was completed. (0x12B)
[0519/104848.374:ERROR:process_memory_win.cc(73)] ReadMemory at 0x1e796cd8d90 of 132 bytes failed: Only part of a ReadProcessMemory or WriteProcessMemory request was completed. (0x12B)
[0519/104848.375:ERROR:process_memory_win.cc(73)] ReadMemory at 0x1e796cd8ec0 of 132 bytes failed: Only part of a ReadProcessMemory or WriteProcessMemory request was completed. (0x12B)
[0519/104848.378:ERROR:process_memory_win.cc(73)] ReadMemory at 0x1e796cd8ff0 of 132 bytes failed: Only part of a ReadProcessMemory or WriteProcessMemory request was completed. (0x12B)
[0519/104848.380:ERROR:process_memory_win.cc(73)] ReadMemory at 0x1e796cebe00 of 62 bytes failed: Only part of a ReadProcessMemory or WriteProcessMemory request was completed. (0x12B)
[0519/104848.388:ERROR:process_memory_win.cc(73)] ReadMemory at 0x1e796cebf40 of 58 bytes failed: Only part of a ReadProcessMemory or WriteProcessMemory request was completed. (0x12B)
[0519/104848.390:ERROR:process_memory_win.cc(73)] ReadMemory at 0x1e796cec0d0 of 66 bytes failed: Only part of a ReadProcessMemory or WriteProcessMemory request was completed. (0x12B)
[0519/104848.391:ERROR:process_memory_win.cc(73)] ReadMemory at 0x1e796cec710 of 60 bytes failed: Only part of a ReadProcessMemory or WriteProcessMemory request was completed. (0x12B)
[0519/104848.393:ERROR:process_memory_win.cc(73)] ReadMemory at 0x1e796cec760 of 60 bytes failed: Only part of a ReadProcessMemory or WriteProcessMemory request was completed. (0x12B)
[0519/104848.395:ERROR:process_memory_win.cc(73)] ReadMemory at 0x1e796cec9e0 of 62 bytes failed: Only part of a ReadProcessMemory or WriteProcessMemory request was completed. (0x12B)
[0519/104848.396:ERROR:process_memory_win.cc(73)] ReadMemory at 0x1e796cecb20 of 58 bytes failed: Only part of a ReadProcessMemory or WriteProcessMemory request was completed. (0x12B)
[0519/104848.398:ERROR:process_memory_win.cc(73)] ReadMemory at 0x1e796cecbc0 of 58 bytes failed: Only part of a ReadProcessMemory or WriteProcessMemory request was completed. (0x12B)
[0519/104848.403:ERROR:process_memory_win.cc(73)] ReadMemory at 0x1e796cf4790 of 512 bytes failed: Only part of a ReadProcessMemory or WriteProcessMemory request was completed. (0x12B)
[0519/104848.404:ERROR:process_memory_win.cc(73)] ReadMemory at 0x1e796cfa020 of 512 bytes failed: Only part of a ReadProcessMemory or WriteProcessMemory request was completed. (0x12B)
[0519/104848.405:ERROR:process_memory_win.cc(73)] ReadMemory at 0x1e796ee0c40 of 512 bytes failed: Only part of a ReadProcessMemory or WriteProcessMemory request was completed. (0x12B)
[0519/104848.406:ERROR:process_memory_win.cc(73)] ReadMemory at 0x1e796ee0e80 of 512 bytes failed: Only part of a ReadProcessMemory or WriteProcessMemory request was completed. (0x12B)
[0519/104848.407:ERROR:process_memory_win.cc(73)] ReadMemory at 0x1e797024fb0 of 512 bytes failed: Only part of a ReadProcessMemory or WriteProcessMemory request was completed. (0x12B)
[0519/104848.408:ERROR:process_memory_win.cc(73)] ReadMemory at 0x1e79702fd10 of 512 bytes failed: Only part of a ReadProcessMemory or WriteProcessMemory request was completed. (0x12B)
[0519/104848.409:ERROR:process_memory_win.cc(73)] ReadMemory at 0x1e797034410 of 512 bytes failed: Only part of a ReadProcessMemory or WriteProcessMemory request was completed. (0x12B)
[0519/104848.410:ERROR:process_memory_win.cc(73)] ReadMemory at 0x1e797040870 of 688 bytes failed: Only part of a ReadProcessMemory or WriteProcessMemory request was completed. (0x12B)
[0519/104848.411:ERROR:process_memory_win.cc(73)] ReadMemory at 0x1e797042250 of 512 bytes failed: Only part of a ReadProcessMemory or WriteProcessMemory request was completed. (0x12B)
[0519/104848.412:ERROR:process_memory_win.cc(73)] ReadMemory at 0x1e797680000 of 384 bytes failed: Only part of a ReadProcessMemory or WriteProcessMemory request was completed. (0x12B)
[0519/104848.412:ERROR:process_memory_win.cc(73)] ReadMemory at 0x1e798c80000 of 384 bytes failed: Only part of a ReadProcessMemory or WriteProcessMemory request was completed. (0x12B)
[0519/104848.413:ERROR:process_memory_win.cc(73)] ReadMemory at 0x1e798c817e0 of 512 bytes failed: Only part of a ReadProcessMemory or WriteProcessMemory request was completed. (0x12B)
[0519/104848.414:ERROR:process_memory_win.cc(73)] ReadMemory at 0x1e798c89710 of 512 bytes failed: Only part of a ReadProcessMemory or WriteProcessMemory request was completed. (0x12B)
[0519/104848.416:ERROR:process_memory_win.cc(73)] ReadMemory at 0x1e798c94ba0 of 512 bytes failed: Only part of a ReadProcessMemory or WriteProcessMemory request was completed. (0x12B)
[0519/104848.418:ERROR:process_memory_win.cc(73)] ReadMemory at 0x1e798d70a30 of 512 bytes failed: Only part of a ReadProcessMemory or WriteProcessMemory request was completed. (0x12B)
[0519/104848.419:ERROR:process_memory_win.cc(73)] ReadMemory at 0x1e798d88350 of 528 bytes failed: Only part of a ReadProcessMemory or WriteProcessMemory request was completed. (0x12B)
[0519/104848.420:ERROR:process_memory_win.cc(73)] ReadMemory at 0x1e798db4570 of 512 bytes failed: Only part of a ReadProcessMemory or WriteProcessMemory request was completed. (0x12B)
[0519/104848.420:ERROR:process_memory_win.cc(73)] ReadMemory at 0x1e7990c0000 of 384 bytes failed: Only part of a ReadProcessMemory or WriteProcessMemory request was completed. (0x12B)
[0519/104848.425:ERROR:process_memory_win.cc(73)] ReadMemory at 0x1e79912f000 of 480 bytes failed: Only part of a ReadProcessMemory or WriteProcessMemory request was completed. (0x12B)
[0519/104848.426:ERROR:process_memory_win.cc(73)] ReadMemory at 0x1e799277900 of 512 bytes failed: Only part of a ReadProcessMemory or WriteProcessMemory request was completed. (0x12B)
[0519/104848.428:ERROR:process_memory_win.cc(73)] ReadMemory at 0x289f462b5248 of 512 bytes failed: Only part of a ReadProcessMemory or WriteProcessMemory request was completed. (0x12B)
[0519/104848.429:ERROR:process_memory_win.cc(73)] ReadMemory at 0x7ffd999042b0 of 512 bytes failed: Only part of a ReadProcessMemory or WriteProcessMemory request was completed. (0x12B)
[0519/104848.429:ERROR:process_memory_win.cc(73)] ReadMemory at 0x7ffd99c0294e of 512 bytes failed: Only part of a ReadProcessMemory or WriteProcessMemory request was completed. (0x12B)
[0519/104848.430:ERROR:process_memory_win.cc(73)] ReadMemory at 0x7ffd9afe5dbf of 512 bytes failed: Only part of a ReadProcessMemory or WriteProcessMemory request was completed. (0x12B)
[0519/104848.432:ERROR:process_memory_win.cc(73)] ReadMemory at 0x7ffd9f399584 of 512 bytes failed: Only part of a ReadProcessMemory or WriteProcessMemory request was completed. (0x12B)
[0519/104848.435:ERROR:process_memory_win.cc(73)] ReadMemory at 0x7ffe0aa9c074 of 672 bytes failed: Only part of a ReadProcessMemory or WriteProcessMemory request was completed. (0x12B)
[0519/104848.435:ERROR:process_memory_win.cc(73)] ReadMemory at 0x7ffe0aa9c674 of 512 bytes failed: Only part of a ReadProcessMemory or WriteProcessMemory request was completed. (0x12B)
[0519/104848.436:ERROR:process_memory_win.cc(73)] ReadMemory at 0x7ffe0aa9f924 of 608 bytes failed: Only part of a ReadProcessMemory or WriteProcessMemory request was completed. (0x12B)
[0519/104848.437:ERROR:process_memory_win.cc(73)] ReadMemory at 0x7ffe0ab2c428 of 18 bytes failed: Only part of a ReadProcessMemory or WriteProcessMemory request was completed. (0x12B)
[0519/104848.439:ERROR:process_memory_win.cc(73)] ReadMemory at 0x7ffe0ab5f4f8 of 40 bytes failed: Only part of a ReadProcessMemory or WriteProcessMemory request was completed. (0x12B)
[0519/104848.441:ERROR:process_memory_win.cc(73)] ReadMemory at 0x7ffe0ab5f978 of 48 bytes failed: Only part of a ReadProcessMemory or WriteProcessMemory request was completed. (0x12B)
[0519/104848.442:ERROR:process_memory_win.cc(73)] ReadMemory at 0x7ffe0ab653c0 of 64 bytes failed: Only part of a ReadProcessMemory or WriteProcessMemory request was completed. (0x12B)
[0519/104848.460:ERROR:scoped_process_suspend.cc(40)] NtResumeProcess: An attempt was made to access an exiting process. (0xc000010a)
[0519/105159.935:ERROR:scoped_process_suspend.cc(40)] NtResumeProcess: An attempt was made to access an exiting process. (0xc000010a)
[0519/165047.447:ERROR:file_io.cc(89)] ReadExactly: expected 36, observed 0
[0521/172259.122:ERROR:file_io.cc(89)] ReadExactly: expected 36, observed 0
[0522/132720.376:ERROR:process_reader_win.cc(151)] SuspendThread: Access is denied. (0x5)
[0522/132720.417:ERROR:exception_snapshot_win.cc(98)] thread ID 7528 not found in process
[0522/132720.418:ERROR:scoped_process_suspend.cc(40)] NtResumeProcess: An attempt was made to access an exiting process. (0xc000010a)
[0522/221028.195:ERROR:scoped_process_suspend.cc(31)] NtSuspendProcess: An attempt was made to access an exiting process. (0xc000010a)
[0522/221028.300:ERROR:process_info.cc(118)] ReadProcessMemory bool __cdecl crashpad::(anonymous namespace)::ReadStruct(HANDLE, crashpad::WinVMAddress, T *) [T = crashpad::process_types::PEB<crashpad::process_types::internal::Traits64>]: Only part of a ReadProcessMemory or WriteProcessMemory request was completed. (0x12B)
[0522/221028.301:ERROR:process_info.cc(551)] ReadProcessData failed
[0523/104352.967:ERROR:file_io.cc(89)] ReadExactly: expected 36, observed 0
[0523/125557.058:ERROR:scoped_process_suspend.cc(31)] NtSuspendProcess: An attempt was made to access an exiting process. (0xc000010a)
[0523/125557.209:ERROR:process_info.cc(118)] ReadProcessMemory bool __cdecl crashpad::(anonymous namespace)::ReadStruct(HANDLE, crashpad::WinVMAddress, T *) [T = crashpad::process_types::PEB<crashpad::process_types::internal::Traits64>]: Only part of a ReadProcessMemory or WriteProcessMemory request was completed. (0x12B)
[0523/125557.210:ERROR:process_info.cc(551)] ReadProcessData failed
[0523/140158.580:ERROR:process_memory_win.cc(73)] ReadMemory at 0x7ffb18f1bd28 of 12 bytes failed: Only part of a ReadProcessMemory or WriteProcessMemory request was completed. (0x12B)
[0523/140158.605:WARNING:process_snapshot_win.cc(71)] ReadMemory ExceptionInformation failed
[0523/140158.605:ERROR:scoped_process_suspend.cc(40)] NtResumeProcess: An attempt was made to access an exiting process. (0xc000010a)
[0524/122903.241:ERROR:scoped_process_suspend.cc(31)] NtSuspendProcess: An attempt was made to access an exiting process. (0xc000010a)
[0524/122903.584:ERROR:process_info.cc(118)] ReadProcessMemory bool __cdecl crashpad::(anonymous namespace)::ReadStruct(HANDLE, crashpad::WinVMAddress, T *) [T = crashpad::process_types::PEB<crashpad::process_types::internal::Traits64>]: Only part of a ReadProcessMemory or WriteProcessMemory request was completed. (0x12B)
[0524/122903.584:ERROR:process_info.cc(551)] ReadProcessData failed
[0524/123733.391:ERROR:process_info.cc(329)] VirtualQueryEx: Access is denied. (0x5)
[0524/123733.391:ERROR:process_info.cc(556)] ReadMemoryInfo failed
[0524/123733.420:ERROR:scoped_process_suspend.cc(40)] NtResumeProcess: An attempt was made to access an exiting process. (0xc000010a)
[0524/140219.576:ERROR:scoped_process_suspend.cc(31)] NtSuspendProcess: An attempt was made to access an exiting process. (0xc000010a)
[0524/140219.622:ERROR:process_info.cc(118)] ReadProcessMemory bool __cdecl crashpad::(anonymous namespace)::ReadStruct(HANDLE, crashpad::WinVMAddress, T *) [T = crashpad::process_types::PEB<crashpad::process_types::internal::Traits64>]: Only part of a ReadProcessMemory or WriteProcessMemory request was completed. (0x12B)
[0524/140219.636:ERROR:process_info.cc(551)] ReadProcessData failed
[0524/172122.790:ERROR:scoped_process_suspend.cc(31)] NtSuspendProcess: An attempt was made to access an exiting process. (0xc000010a)
[0524/172125.082:ERROR:process_info.cc(118)] ReadProcessMemory bool __cdecl crashpad::(anonymous namespace)::ReadStruct(HANDLE, crashpad::WinVMAddress, T *) [T = crashpad::process_types::PEB<crashpad::process_types::internal::Traits64>]: Only part of a ReadProcessMemory or WriteProcessMemory request was completed. (0x12B)
[0524/172125.091:ERROR:process_info.cc(551)] ReadProcessData failed
[0524/181624.810:ERROR:process_info.cc(329)] VirtualQueryEx: Access is denied. (0x5)
[0524/181624.833:ERROR:process_info.cc(556)] ReadMemoryInfo failed
[0524/181624.833:ERROR:scoped_process_suspend.cc(40)] NtResumeProcess: An attempt was made to access an exiting process. (0xc000010a)
